#
# A fatal error has been detected by the Java Runtime Environment:
#
#  EXCEPTION_ACCESS_VIOLATION (0xc0000005) at pc=0x00007ff9623fb6ed, pid=6036, tid=2468
#
# JRE version: Java(TM) SE Runtime Environment (8.0_20-b26) (build 1.8.0_20-b26)
# Java VM: Java HotSpot(TM) 64-Bit Server VM (25.20-b23 mixed mode windows-amd64 compressed oops)
# Problematic frame:
# C  [ntdll.dll+0x3b6ed]
#
# Failed to write core dump. Minidumps are not enabled by default on client versions of Windows
#
# If you would like to submit a bug report, please visit:
#   http://bugreport.sun.com/bugreport/crash.jsp
#

---------------  T H R E A D  ---------------

Current thread (0x0000000015342000):  JavaThread "C1 CompilerThread2" daemon [_thread_in_vm, id=2468, stack(0x0000000016a80000,0x0000000016b80000)]

siginfo: ExceptionCode=0xc0000005, reading address 0xffffffffffffffff

Registers:
RAX=0x1ee000011edffff8, RBX=0x00000000179562b0, RCX=0xff000000ff000000, RDX=0x00000000002100cd
RSP=0x0000000016b7e860, RBP=0x0000000001010cc0, RSI=0x00000000010102c0, RDI=0x0000000000000080
R8 =0xff000000ff000000, R9 =0x0000000000000058, R10=0x00000000179ce9c0, R11=0x0000000000000040
R12=0xff000000ff000000, R13=0x0000000001010f00, R14=0x0000000001010000, R15=0x0000000000000000
RIP=0x00007ff9623fb6ed, EFLAGS=0x0000000000010247

Top of Stack: (sp=0x0000000016b7e860)
0x0000000016b7e860:   0000000016b7f1c0 000000000000f000
0x0000000016b7e870:   000000000000f000 0000000016b7ea28
0x0000000016b7e880:   0000000000000000 0000000016edab84
0x0000000016b7e890:   0000000016edab84 0000000000000000
0x0000000016b7e8a0:   00000000030016bc 00000000593d0060
0x0000000016b7e8b0:   0000000016edab7e 0000000058010000
0x0000000016b7e8c0:   0000000001010cc0 00000000030014c0
0x0000000016b7e8d0:   0000000000000080 00000000030014c0
0x0000000016b7e8e0:   000000000300161c 0000000000000000
0x0000000016b7e8f0:   0000000000000080 0000000000000000
0x0000000016b7e900:   0000000000000000 0000000000000008
0x0000000016b7e910:   00000000029c0000 0000000000000000
0x0000000016b7e920:   0000000000000078 00007ff9623fb3b2
0x0000000016b7e930:   0000000001010000 0000000000000000
0x0000000016b7e940:   0000000000000078 0000000000000000
0x0000000016b7e950:   0000000016b7f118 0000000058e3f0b4 

Instructions: (pc=0x00007ff9623fb6ed)
0x00007ff9623fb6cd:   37 01 00 00 8b ca 49 8d 40 ff 48 c1 e8 06 c1 f9
0x00007ff9623fb6dd:   10 48 c1 e9 06 49 8d 04 c4 4d 8d 24 cc 49 8b cc
0x00007ff9623fb6ed:   49 83 3c 24 ff 0f 84 68 01 00 00 4c 3b e0 0f 84
0x00007ff9623fb6fd:   3f 01 00 00 45 0f af cb 41 c1 e9 07 41 83 fb 40 


Register to memory mapping:

RAX=0x1ee000011edffff8 is an unknown value
RBX=0x00000000179562b0 is an unknown value
RCX=0xff000000ff000000 is an unknown value
RDX=0x00000000002100cd is an unknown value
RSP=0x0000000016b7e860 is pointing into the stack for thread: 0x0000000015342000
RBP=0x0000000001010cc0 is an unknown value
RSI=0x00000000010102c0 is an unknown value
RDI=0x0000000000000080 is an unknown value
R8 =0xff000000ff000000 is an unknown value
R9 =0x0000000000000058 is an unknown value
R10=0x00000000179ce9c0 is an unknown value
R11=0x0000000000000040 is an unknown value
R12=0xff000000ff000000 is an unknown value
R13=0x0000000001010f00 is an unknown value
R14=0x0000000001010000 is an unknown value
R15=0x0000000000000000 is an unknown value


Stack: [0x0000000016a80000,0x0000000016b80000],  sp=0x0000000016b7e860,  free space=1018k
Native frames: (J=compiled Java code, j=interpreted, Vv=VM code, C=native code)
C  [ntdll.dll+0x3b6ed]
C  [ntdll.dll+0x3b3b2]
C  [msvcr100.dll+0x68d17]
V  [jvm.dll+0x2047e7]
V  [jvm.dll+0x80ad2]
V  [jvm.dll+0x8103b]
V  [jvm.dll+0x8db73]
V  [jvm.dll+0x8f612]
V  [jvm.dll+0x27e0e]
V  [jvm.dll+0x3eb409]
V  [jvm.dll+0x3ec3b4]
V  [jvm.dll+0x3ec55e]
V  [jvm.dll+0x3ec75f]
V  [jvm.dll+0x97b62]
V  [jvm.dll+0x98353]
V  [jvm.dll+0x22aac4]
V  [jvm.dll+0x283f5a]
C  [msvcr100.dll+0x21d9f]
C  [msvcr100.dll+0x21e3b]
C  [KERNEL32.DLL+0x16ad]
C  [ntdll.dll+0x734a5]


Current CompileTask:
C1:   2748  977       3       com.sun.jna.Memory::finalize (5 bytes)


---------------  P R O C E S S  ---------------

Java Threads: ( => current thread )
  0x00000000176d9000 JavaThread "LWJGL Timer" daemon [_thread_blocked, id=5796, stack(0x000000001cdc0000,0x000000001cec0000)]
  0x00000000176d1000 JavaThread "pool-2-thread-1" [_thread_blocked, id=4296, stack(0x000000001c1e0000,0x000000001c2e0000)]
  0x0000000017889800 JavaThread "AWT-Windows" daemon [_thread_in_native, id=5632, stack(0x000000001c0e0000,0x000000001c1e0000)]
  0x00000000179c5800 JavaThread "Java2D Disposer" daemon [_thread_blocked, id=180, stack(0x000000001bc30000,0x000000001bd30000)]
  0x00000000029ce800 JavaThread "DestroyJavaVM" [_thread_blocked, id=5096, stack(0x0000000002a60000,0x0000000002b60000)]
  0x0000000016f76000 JavaThread "LWJGL Application" [_thread_blocked, id=2472, stack(0x0000000018d20000,0x0000000018e20000)]
  0x0000000016d43800 JavaThread "Monitor Ctrl-Break" daemon [_thread_in_native, id=4060, stack(0x0000000017270000,0x0000000017370000)]
  0x000000001538e800 JavaThread "Service Thread" daemon [_thread_blocked, id=6408, stack(0x0000000016f80000,0x0000000017080000)]
=>0x0000000015342000 JavaThread "C1 CompilerThread2" daemon [_thread_in_vm, id=2468, stack(0x0000000016a80000,0x0000000016b80000)]
  0x000000001533a800 JavaThread "C2 CompilerThread1" daemon [_thread_blocked, id=4232, stack(0x0000000016980000,0x0000000016a80000)]
  0x000000001532e000 JavaThread "C2 CompilerThread0" daemon [_thread_blocked, id=6884, stack(0x0000000016880000,0x0000000016980000)]
  0x000000001532c800 JavaThread "Attach Listener" daemon [_thread_blocked, id=5128, stack(0x0000000016780000,0x0000000016880000)]
  0x000000001532b000 JavaThread "Signal Dispatcher" daemon [_thread_blocked, id=192, stack(0x0000000016680000,0x0000000016780000)]
  0x0000000002c57000 JavaThread "Finalizer" daemon [_thread_blocked, id=2432, stack(0x0000000016580000,0x0000000016680000)]
  0x0000000002c4e000 JavaThread "Reference Handler" daemon [_thread_blocked, id=5292, stack(0x0000000016480000,0x0000000016580000)]

Other Threads:
  0x00000000152f6000 VMThread [stack: 0x0000000016380000,0x0000000016480000] [id=5788]
  0x0000000016bc0000 WatcherThread [stack: 0x0000000017080000,0x0000000017180000] [id=5360]

VM state:not at safepoint (normal execution)

VM Mutex/Monitor currently owned by a thread:  ([mutex/lock_event])
[0x00000000029ccc60] CodeCache_lock - owner thread: 0x0000000015342000
[0x0000000002b613d0] Compile_lock - owner thread: 0x0000000015342000
[0x0000000002b60b50] MethodCompileQueue_lock - owner thread: 0x0000000015342000

Heap:
 PSYoungGen      total 18944K, used 3245K [0x00000000eab00000, 0x00000000ec000000, 0x0000000100000000)
  eden space 16384K, 4% used [0x00000000eab00000,0x00000000eabb2e08,0x00000000ebb00000)
  from space 2560K, 98% used [0x00000000ebd80000,0x00000000ebff8980,0x00000000ec000000)
  to   space 2560K, 0% used [0x00000000ebb00000,0x00000000ebb00000,0x00000000ebd80000)
 ParOldGen       total 44032K, used 11729K [0x00000000c0000000, 0x00000000c2b00000, 0x00000000eab00000)
  object space 44032K, 26% used [0x00000000c0000000,0x00000000c0b74418,0x00000000c2b00000)
 Metaspace       used 10465K, capacity 10675K, committed 10880K, reserved 1058816K
  class space    used 1078K, capacity 1144K, committed 1152K, reserved 1048576K

Card table byte_map: [0x0000000012020000,0x0000000012230000] byte_map_base: 0x0000000011a20000

Marking Bits: (ParMarkBitMap*) 0x00000000595fb460
 Begin Bits: [0x0000000012790000, 0x0000000013790000)
 End Bits:   [0x0000000013790000, 0x0000000014790000)

Polling page: 0x0000000001030000

CodeCache: size=245760Kb used=3699Kb max_used=3709Kb free=242061Kb
 bounds [0x0000000002c60000, 0x0000000003010000, 0x0000000011c60000]
 total_blobs=1512 nmethods=975 adapters=451
 compilation: enabled

Compilation events (10 events):
Event: 2.603 Thread 0x0000000015342000 nmethod 972 0x0000000002ffc390 code [0x0000000002ffc500, 0x0000000002ffc770]
Event: 2.611 Thread 0x0000000015342000  973       3       uk.co.caprica.vlcj.logger.Logger::trace (24 bytes)
Event: 2.611 Thread 0x0000000015342000 nmethod 973 0x0000000002ffc890 code [0x0000000002ffca00, 0x0000000002ffcc98]
Event: 2.667 Thread 0x000000001532e000  974       4       sun.reflect.UTF8::utf8Length (81 bytes)
Event: 2.671 Thread 0x000000001532e000 nmethod 974 0x0000000002fffb90 code [0x0000000002fffcc0, 0x0000000002fffeb8]
Event: 2.671 Thread 0x0000000015342000  975   !   3       org.lwjgl.opengl.Display::isCreated (17 bytes)
Event: 2.671 Thread 0x0000000015342000 nmethod 975 0x0000000002fff6d0 code [0x0000000002fff840, 0x0000000002fffab0]
Event: 2.688 Thread 0x000000001533a800  976       4       java.nio.DirectByteBuffer::put (18 bytes)
Event: 2.703 Thread 0x000000001533a800 nmethod 976 0x0000000002ff0d90 code [0x0000000002ff0ec0, 0x0000000002ff0f58]
Event: 2.711 Thread 0x0000000015342000  977       3       com.sun.jna.Memory::finalize (5 bytes)

GC Heap History (4 events):
Event: 1.399 GC heap before
{Heap before GC invocations=1 (full 0):
 PSYoungGen      total 18944K, used 16384K [0x00000000eab00000, 0x00000000ec000000, 0x0000000100000000)
  eden space 16384K, 100% used [0x00000000eab00000,0x00000000ebb00000,0x00000000ebb00000)
  from space 2560K, 0% used [0x00000000ebd80000,0x00000000ebd80000,0x00000000ec000000)
  to   space 2560K, 0% used [0x00000000ebb00000,0x00000000ebb00000,0x00000000ebd80000)
 ParOldGen       total 44032K, used 0K [0x00000000c0000000, 0x00000000c2b00000, 0x00000000eab00000)
  object space 44032K, 0% used [0x00000000c0000000,0x00000000c0000000,0x00000000c2b00000)
 Metaspace       used 7437K, capacity 7531K, committed 7680K, reserved 1056768K
  class space    used 715K, capacity 752K, committed 768K, reserved 1048576K
Event: 1.406 GC heap after
Heap after GC invocations=1 (full 0):
 PSYoungGen      total 18944K, used 2534K [0x00000000eab00000, 0x00000000ec000000, 0x0000000100000000)
  eden space 16384K, 0% used [0x00000000eab00000,0x00000000eab00000,0x00000000ebb00000)
  from space 2560K, 99% used [0x00000000ebb00000,0x00000000ebd79a80,0x00000000ebd80000)
  to   space 2560K, 0% used [0x00000000ebd80000,0x00000000ebd80000,0x00000000ec000000)
 ParOldGen       total 44032K, used 840K [0x00000000c0000000, 0x00000000c2b00000, 0x00000000eab00000)
  object space 44032K, 1% used [0x00000000c0000000,0x00000000c00d23e8,0x00000000c2b00000)
 Metaspace       used 7437K, capacity 7531K, committed 7680K, reserved 1056768K
  class space    used 715K, capacity 752K, committed 768K, reserved 1048576K
}
Event: 2.688 GC heap before
{Heap before GC invocations=2 (full 0):
 PSYoungGen      total 18944K, used 18918K [0x00000000eab00000, 0x00000000ec000000, 0x0000000100000000)
  eden space 16384K, 100% used [0x00000000eab00000,0x00000000ebb00000,0x00000000ebb00000)
  from space 2560K, 99% used [0x00000000ebb00000,0x00000000ebd79a80,0x00000000ebd80000)
  to   space 2560K, 0% used [0x00000000ebd80000,0x00000000ebd80000,0x00000000ec000000)
 ParOldGen       total 44032K, used 840K [0x00000000c0000000, 0x00000000c2b00000, 0x00000000eab00000)
  object space 44032K, 1% used [0x00000000c0000000,0x00000000c00d23e8,0x00000000c2b00000)
 Metaspace       used 10464K, capacity 10675K, committed 10880K, reserved 1058816K
  class space    used 1078K, capacity 1144K, committed 1152K, reserved 1048576K
Event: 2.701 GC heap after
Heap after GC invocations=2 (full 0):
 PSYoungGen      total 18944K, used 2530K [0x00000000eab00000, 0x00000000ec000000, 0x0000000100000000)
  eden space 16384K, 0% used [0x00000000eab00000,0x00000000eab00000,0x00000000ebb00000)
  from space 2560K, 98% used [0x00000000ebd80000,0x00000000ebff8980,0x00000000ec000000)
  to   space 2560K, 0% used [0x00000000ebb00000,0x00000000ebb00000,0x00000000ebd80000)
 ParOldGen       total 44032K, used 11729K [0x00000000c0000000, 0x00000000c2b00000, 0x00000000eab00000)
  object space 44032K, 26% used [0x00000000c0000000,0x00000000c0b74418,0x00000000c2b00000)
 Metaspace       used 10464K, capacity 10675K, committed 10880K, reserved 1058816K
  class space    used 1078K, capacity 1144K, committed 1152K, reserved 1048576K
}

Deoptimization events (4 events):
Event: 1.356 Thread 0x0000000016f76000 Uncommon trap: reason=class_check action=maybe_recompile pc=0x0000000002edeea0 method=java.io.DataOutputStream.writeByte(I)V @ 5
Event: 1.356 Thread 0x0000000016f76000 Uncommon trap: reason=class_check action=maybe_recompile pc=0x0000000002edeea0 method=java.io.DataOutputStream.writeByte(I)V @ 5
Event: 1.356 Thread 0x0000000016f76000 Uncommon trap: reason=class_check action=maybe_recompile pc=0x0000000002edeea0 method=java.io.DataOutputStream.writeByte(I)V @ 5
Event: 1.356 Thread 0x0000000016f76000 Uncommon trap: reason=class_check action=maybe_recompile pc=0x0000000002edeea0 method=java.io.DataOutputStream.writeByte(I)V @ 5

Internal exceptions (10 events):
Event: 1.905 Thread 0x000000001794a000 Exception <a 'java/security/PrivilegedActionException'> (0x00000000eb3e8b80) thrown at [D:\re\workspace\8-2-build-windows-amd64-cygwin\jdk8u20\1074\hotspot\src\share\vm\prims\jvm.cpp, line 1275]
Event: 1.925 Thread 0x000000001794a000 Exception <a 'java/security/PrivilegedActionException'> (0x00000000eb435a90) thrown at [D:\re\workspace\8-2-build-windows-amd64-cygwin\jdk8u20\1074\hotspot\src\share\vm\prims\jvm.cpp, line 1275]
Event: 1.958 Thread 0x000000001794a000 Exception <a 'java/security/PrivilegedActionException'> (0x00000000eb458c48) thrown at [D:\re\workspace\8-2-build-windows-amd64-cygwin\jdk8u20\1074\hotspot\src\share\vm\prims\jvm.cpp, line 1275]
Event: 1.964 Thread 0x000000001794a000 Exception <a 'java/security/PrivilegedActionException'> (0x00000000eb4a8bc8) thrown at [D:\re\workspace\8-2-build-windows-amd64-cygwin\jdk8u20\1074\hotspot\src\share\vm\prims\jvm.cpp, line 1275]
Event: 1.992 Thread 0x00000000179da800 Exception <a 'java/security/PrivilegedActionException'> (0x00000000eb557458) thrown at [D:\re\workspace\8-2-build-windows-amd64-cygwin\jdk8u20\1074\hotspot\src\share\vm\prims\jvm.cpp, line 1275]
Event: 1.999 Thread 0x00000000179da800 Exception <a 'java/security/PrivilegedActionException'> (0x00000000eb583ec0) thrown at [D:\re\workspace\8-2-build-windows-amd64-cygwin\jdk8u20\1074\hotspot\src\share\vm\prims\jvm.cpp, line 1275]
Event: 2.013 Thread 0x00000000179dd000 Exception <a 'java/security/PrivilegedActionException'> (0x00000000eb5a9328) thrown at [D:\re\workspace\8-2-build-windows-amd64-cygwin\jdk8u20\1074\hotspot\src\share\vm\prims\jvm.cpp, line 1275]
Event: 2.073 Thread 0x0000000016f76000 Exception <a 'java/security/PrivilegedActionException'> (0x00000000eb2ee1f0) thrown at [D:\re\workspace\8-2-build-windows-amd64-cygwin\jdk8u20\1074\hotspot\src\share\vm\prims\jvm.cpp, line 1275]
Event: 2.256 Thread 0x00000000179dd000 Exception <a 'java/security/PrivilegedActionException'> (0x00000000eb755b88) thrown at [D:\re\workspace\8-2-build-windows-amd64-cygwin\jdk8u20\1074\hotspot\src\share\vm\prims\jvm.cpp, line 1275]
Event: 2.259 Thread 0x00000000179dd000 Exception <a 'java/security/PrivilegedActionException'> (0x00000000eb7711b8) thrown at [D:\re\workspace\8-2-build-windows-amd64-cygwin\jdk8u20\1074\hotspot\src\share\vm\prims\jvm.cpp, line 1275]

Events (10 events):
Event: 2.667 Thread 0x00000000179c6000 Thread added: 0x00000000179c6000
Event: 2.668 Thread 0x00000000179c6000 Thread exited: 0x00000000179c6000
Event: 2.688 Thread 0x00000000179c6000 Thread added: 0x00000000179c6000
Event: 2.688 Executing VM operation: ParallelGCFailedAllocation
Event: 2.701 Executing VM operation: ParallelGCFailedAllocation done
Event: 2.702 Thread 0x00000000179c6000 Thread exited: 0x00000000179c6000
Event: 2.703 Thread 0x00000000179c6000 Thread added: 0x00000000179c6000
Event: 2.704 Thread 0x00000000179c6000 Thread exited: 0x00000000179c6000
Event: 2.705 Thread 0x00000000179c6000 Thread added: 0x00000000179c6000
Event: 2.706 Thread 0x00000000179c6000 Thread exited: 0x00000000179c6000


Dynamic libraries:
0x00007ff662d60000 - 0x00007ff662d94000 	C:\Program Files\Java\jdk1.8.0_20\bin\java.exe
0x00007ff9623c0000 - 0x00007ff96256a000 	C:\Windows\SYSTEM32\ntdll.dll
0x00007ff961310000 - 0x00007ff96144a000 	C:\Windows\system32\KERNEL32.DLL
0x00007ff95fb30000 - 0x00007ff95fc3f000 	C:\Windows\system32\KERNELBASE.dll
0x00007ff95e360000 - 0x00007ff95e3e8000 	C:\Windows\system32\apphelp.dll
0x00007ff94e8a0000 - 0x00007ff94e8ef000 	C:\Windows\AppPatch\AppPatch64\AcGenral.DLL
0x00007ff961a20000 - 0x00007ff961ac7000 	C:\Windows\system32\msvcrt.dll
0x00007ff95f510000 - 0x00007ff95f53b000 	C:\Windows\SYSTEM32\SspiCli.dll
0x00007ff9619b0000 - 0x00007ff961a01000 	C:\Windows\system32\SHLWAPI.dll
0x00007ff9610d0000 - 0x00007ff961241000 	C:\Windows\system32\USER32.dll
0x00007ff961830000 - 0x00007ff9619a8000 	C:\Windows\system32\ole32.dll
0x00007ff95fc40000 - 0x00007ff96105f000 	C:\Windows\system32\SHELL32.dll
0x00007ff95ed40000 - 0x00007ff95ed5e000 	C:\Windows\SYSTEM32\USERENV.dll
0x00007ff961e80000 - 0x00007ff961f25000 	C:\Windows\system32\ADVAPI32.dll
0x00007ff9519a0000 - 0x00007ff9519bb000 	C:\Windows\SYSTEM32\MPR.dll
0x00007ff9615a0000 - 0x00007ff9616d7000 	C:\Windows\system32\RPCRT4.dll
0x00007ff962120000 - 0x00007ff962177000 	C:\Windows\SYSTEM32\sechost.dll
0x00007ff962180000 - 0x00007ff962356000 	C:\Windows\SYSTEM32\combase.dll
0x00007ff961450000 - 0x00007ff961594000 	C:\Windows\system32\GDI32.dll
0x00007ff95f730000 - 0x00007ff95f744000 	C:\Windows\SYSTEM32\profapi.dll
0x00007ff95e2a0000 - 0x00007ff95e33f000 	C:\Windows\SYSTEM32\SHCORE.dll
0x00007ff962080000 - 0x00007ff9620b4000 	C:\Windows\system32\IMM32.DLL
0x00007ff961f30000 - 0x00007ff962069000 	C:\Windows\system32\MSCTF.dll
0x00007ff95dc10000 - 0x00007ff95de6a000 	C:\Windows\WinSxS\amd64_microsoft.windows.common-controls_6595b64144ccf1df_6.0.9600.17031_none_6242a4b3ecbb55a1\COMCTL32.dll
0x0000000059680000 - 0x0000000059752000 	C:\Program Files\Java\jdk1.8.0_20\jre\bin\msvcr100.dll
0x0000000058e20000 - 0x0000000059678000 	C:\Program Files\Java\jdk1.8.0_20\jre\bin\server\jvm.dll
0x00007ff956d70000 - 0x00007ff956d79000 	C:\Windows\SYSTEM32\WSOCK32.dll
0x00007ff95de70000 - 0x00007ff95de8f000 	C:\Windows\SYSTEM32\WINMM.dll
0x00007ff962070000 - 0x00007ff962077000 	C:\Windows\system32\PSAPI.DLL
0x00007ff961070000 - 0x00007ff9610c8000 	C:\Windows\system32\WS2_32.dll
0x00007ff95dbb0000 - 0x00007ff95dbda000 	C:\Windows\SYSTEM32\WINMMBASE.dll
0x00007ff961060000 - 0x00007ff961069000 	C:\Windows\system32\NSI.dll
0x00007ff95fa30000 - 0x00007ff95fa7a000 	C:\Windows\SYSTEM32\cfgmgr32.dll
0x00007ff95e5d0000 - 0x00007ff95e5f6000 	C:\Windows\SYSTEM32\DEVOBJ.dll
0x0000000058e10000 - 0x0000000058e1f000 	C:\Program Files\Java\jdk1.8.0_20\jre\bin\verify.dll
0x0000000058de0000 - 0x0000000058e08000 	C:\Program Files\Java\jdk1.8.0_20\jre\bin\java.dll
0x0000000058dc0000 - 0x0000000058dd6000 	C:\Program Files\Java\jdk1.8.0_20\jre\bin\zip.dll
0x00007ff9596c0000 - 0x00007ff9596d0000 	C:\Program Files (x86)\JetBrains\IntelliJ IDEA Community Edition 13.1.4\bin\breakgen64.dll
0x0000000058da0000 - 0x0000000058dba000 	C:\Program Files\Java\jdk1.8.0_20\jre\bin\net.dll
0x00007ff95ef90000 - 0x00007ff95efe8000 	C:\Windows\system32\mswsock.dll
0x0000000065580000 - 0x000000006561b000 	C:\Users\Brian\AppData\Local\Temp\libgdxBrian\3fcab39a\gdx64.dll
0x00007ff95eff0000 - 0x00007ff95f00e000 	C:\Windows\SYSTEM32\CRYPTSP.dll
0x00007ff95ec30000 - 0x00007ff95ec65000 	C:\Windows\system32\rsaenh.dll
0x00007ff95f220000 - 0x00007ff95f246000 	C:\Windows\SYSTEM32\bcrypt.dll
0x00007ff95f540000 - 0x00007ff95f5a0000 	C:\Windows\system32\bcryptprimitives.dll
0x00007ff95f5a0000 - 0x00007ff95f5aa000 	C:\Windows\SYSTEM32\CRYPTBASE.dll
0x00007ff95c6d0000 - 0x00007ff95c6f9000 	C:\Windows\SYSTEM32\IPHLPAPI.DLL
0x00007ff95c6b0000 - 0x00007ff95c6ba000 	C:\Windows\SYSTEM32\WINNSI.DLL
0x00007ff95c570000 - 0x00007ff95c584000 	C:\Windows\SYSTEM32\dhcpcsvc6.DLL
0x00007ff95c550000 - 0x00007ff95c569000 	C:\Windows\SYSTEM32\dhcpcsvc.DLL
0x0000000058d80000 - 0x0000000058d91000 	C:\Program Files\Java\jdk1.8.0_20\jre\bin\nio.dll
0x0000000180000000 - 0x0000000180051000 	C:\Users\Brian\AppData\Local\Temp\libgdxBrian\ccd07a7a\lwjgl64.dll
0x00007ff9443a0000 - 0x00007ff9444c1000 	C:\Windows\SYSTEM32\OPENGL32.dll
0x00007ff95de90000 - 0x00007ff95de9a000 	C:\Windows\SYSTEM32\VERSION.dll
0x00007ff9533d0000 - 0x00007ff9533fc000 	C:\Windows\SYSTEM32\GLU32.dll
0x00007ff9442a0000 - 0x00007ff944394000 	C:\Windows\SYSTEM32\DDRAW.dll
0x00007ff956f50000 - 0x00007ff956f59000 	C:\Windows\SYSTEM32\DCIMAN32.dll
0x0000000002930000 - 0x0000000002994000 	C:\Users\Brian\AppData\Local\Temp\libgdxBrian\ccd07a7a\OpenAL64.dll
0x00007ff95e600000 - 0x00007ff95e60a000 	C:\Windows\SYSTEM32\kernel.appcore.dll
0x00007ff95e400000 - 0x00007ff95e521000 	C:\Windows\system32\uxtheme.dll
0x0000000002a00000 - 0x0000000002a1a000 	C:\Program Files (x86)\SlySoft\AnyDVD\ADvdDiscHlp642.dll
0x00007ff9555d0000 - 0x00007ff955618000 	C:\Program Files (x86)\TeamViewer\Version9\tv_x64.dll
0x00007ff9616e0000 - 0x00007ff961784000 	C:\Windows\SYSTEM32\clbcatq.dll
0x00007ff94a0c0000 - 0x00007ff94a147000 	C:\Windows\SYSTEM32\dsound.dll
0x00007ff95f6d0000 - 0x00007ff95f715000 	C:\Windows\SYSTEM32\POWRPROF.dll
0x00007ff95ca00000 - 0x00007ff95ca62000 	C:\Windows\System32\MMDevApi.dll
0x00007ff956c80000 - 0x00007ff956cf6000 	C:\Windows\SYSTEM32\AUDIOSES.DLL
0x00007ff961250000 - 0x00007ff961307000 	C:\Windows\system32\OLEAUT32.dll
0x00007ff95dbe0000 - 0x00007ff95dc00000 	C:\Windows\system32\dwmapi.dll
0x0000000056f30000 - 0x0000000058d76000 	C:\Windows\SYSTEM32\nvoglv64.DLL
0x00007ff961c90000 - 0x00007ff961e64000 	C:\Windows\system32\SETUPAPI.dll
0x00007ff95e340000 - 0x00007ff95e351000 	C:\Windows\SYSTEM32\WTSAPI32.dll
0x00007ff95f9e0000 - 0x00007ff95fa2c000 	C:\Windows\system32\WINTRUST.dll
0x00007ff95f800000 - 0x00007ff95f9d7000 	C:\Windows\system32\CRYPT32.dll
0x00007ff95f7e0000 - 0x00007ff95f7f2000 	C:\Windows\system32\MSASN1.dll
0x00007ff95c290000 - 0x00007ff95c2c0000 	C:\Windows\SYSTEM32\ntmarta.dll
0x00007ff95f650000 - 0x00007ff95f6a7000 	C:\Windows\SYSTEM32\WINSTA.dll
0x00007ff95dea0000 - 0x00007ff95df2d000 	C:\Windows\SYSTEM32\mscms.dll
0x00007ff948b90000 - 0x00007ff948bd1000 	C:\Windows\SYSTEM32\icm32.dll
0x00007ff9528f0000 - 0x00007ff952927000 	C:\Users\Brian\AppData\Local\Temp\jna-Brian\jna4584558616422322783.dll
0x0000000056f00000 - 0x0000000056f29000 	C:\Program Files\VideoLAN\VLC\libvlc.dll
0x0000000056c80000 - 0x0000000056ef5000 	C:\Program Files\VideoLAN\VLC\libvlccore.dll
0x0000000056ae0000 - 0x0000000056c78000 	C:\Program Files\Java\jdk1.8.0_20\jre\bin\awt.dll
0x00007ff957420000 - 0x00007ff957628000 	C:\Windows\system32\d3d9.dll
0x00007ff946790000 - 0x00007ff947846000 	C:\Windows\SYSTEM32\nvd3dumx.dll
0x000000001c2e0000 - 0x000000001c422000 	C:\Windows\system32\nvspcap64.dll
0x00007ff95d5e0000 - 0x00007ff95d913000 	C:\Windows\system32\nvapi64.dll
0x00007ff959e30000 - 0x00007ff959f9a000 	C:\Program Files (x86)\NVIDIA Corporation\3D Vision\nvSCPAPI64.dll
0x0000000056a20000 - 0x0000000056ad8000 	C:\Program Files\VideoLAN\VLC\plugins\access\libdshow_plugin.dll
0x0000000056a00000 - 0x0000000056a11000 	C:\Program Files\VideoLAN\VLC\plugins\audio_output\libdirectsound_plugin.dll
0x00000000569e0000 - 0x00000000569f2000 	C:\Program Files\VideoLAN\VLC\plugins\audio_output\libwaveout_plugin.dll
0x00000000569c0000 - 0x00000000569db000 	C:\Program Files\VideoLAN\VLC\plugins\video_output\libdirectdraw_plugin.dll
0x0000000056770000 - 0x00000000569bf000 	C:\Program Files\VideoLAN\VLC\plugins\access\liblibbluray_plugin.dll
0x0000000056740000 - 0x0000000056764000 	C:\Program Files\VideoLAN\VLC\plugins\access\libaccess_bd_plugin.dll
0x00000000566f0000 - 0x000000005673c000 	C:\Program Files\VideoLAN\VLC\plugins\access\libdvdnav_plugin.dll
0x00000000566d0000 - 0x00000000566ee000 	C:\Program Files\VideoLAN\VLC\plugins\access\libaccess_vdr_plugin.dll
0x00000000566b0000 - 0x00000000566c7000 	C:\Program Files\VideoLAN\VLC\plugins\access\libfilesystem_plugin.dll
0x0000000056690000 - 0x00000000566aa000 	C:\Program Files\VideoLAN\VLC\plugins\stream_filter\libsmooth_plugin.dll
0x00000000565f0000 - 0x000000005668f000 	C:\Program Files\VideoLAN\VLC\plugins\stream_filter\libhttplive_plugin.dll
0x00000000564e0000 - 0x00000000565e3000 	C:\Program Files\VideoLAN\VLC\plugins\stream_filter\libdash_plugin.dll
0x00000000564b0000 - 0x00000000564d8000 	C:\Program Files\VideoLAN\VLC\plugins\access\libzip_plugin.dll
0x0000000056490000 - 0x00000000564a5000 	C:\Program Files\VideoLAN\VLC\plugins\access\libstream_filter_rar_plugin.dll
0x0000000056480000 - 0x000000005648e000 	C:\Program Files\VideoLAN\VLC\plugins\stream_filter\librecord_plugin.dll
0x0000000056460000 - 0x0000000056471000 	C:\Program Files\VideoLAN\VLC\plugins\demux\libes_plugin.dll
0x0000000056420000 - 0x0000000056458000 	C:\Program Files\VideoLAN\VLC\plugins\demux\libmp4_plugin.dll
0x00000000563c0000 - 0x000000005641c000 	C:\Program Files\VideoLAN\VLC\plugins\codec\libpng_plugin.dll
0x00000000563b0000 - 0x00000000563bf000 	C:\Program Files\VideoLAN\VLC\plugins\codec\libcdg_plugin.dll
0x0000000056230000 - 0x00000000563a8000 	C:\Program Files\VideoLAN\VLC\plugins\codec\libschroedinger_plugin.dll
0x0000000056220000 - 0x0000000056230000 	C:\Program Files\VideoLAN\VLC\plugins\codec\libdts_plugin.dll
0x00000000561c0000 - 0x0000000056219000 	C:\Program Files\VideoLAN\VLC\plugins\codec\libtheora_plugin.dll
0x0000000056150000 - 0x00000000561be000 	C:\Program Files\VideoLAN\VLC\plugins\codec\libfaad_plugin.dll
0x0000000056100000 - 0x0000000056143000 	C:\Program Files\VideoLAN\VLC\plugins\codec\libflac_plugin.dll
0x00000000560e0000 - 0x00000000560f2000 	C:\Program Files\VideoLAN\VLC\plugins\codec\libg711_plugin.dll
0x00000000560d0000 - 0x00000000560df000 	C:\Program Files\VideoLAN\VLC\plugins\codec\libaes3_plugin.dll
0x0000000055f10000 - 0x00000000560c6000 	C:\Program Files\VideoLAN\VLC\plugins\codec\liblibass_plugin.dll
0x0000000055ed0000 - 0x0000000055f08000 	C:\Program Files\VideoLAN\VLC\plugins\codec\libspeex_plugin.dll
0x0000000055ec0000 - 0x0000000055ed0000 	C:\Program Files\VideoLAN\VLC\plugins\codec\liblpcm_plugin.dll
0x0000000055de0000 - 0x0000000055eb4000 	C:\Program Files\VideoLAN\VLC\plugins\codec\libvorbis_plugin.dll
0x0000000055dd0000 - 0x0000000055ddf000 	C:\Program Files\VideoLAN\VLC\plugins\codec\libmpeg_audio_plugin.dll
0x0000000055db0000 - 0x0000000055dc2000 	C:\Program Files\VideoLAN\VLC\plugins\codec\libaraw_plugin.dll
0x0000000055d70000 - 0x0000000055dae000 	C:\Program Files\VideoLAN\VLC\plugins\codec\libopus_plugin.dll
0x0000000055d60000 - 0x0000000055d70000 	C:\Program Files\VideoLAN\VLC\plugins\codec\liba52_plugin.dll
0x0000000055d50000 - 0x0000000055d60000 	C:\Program Files\VideoLAN\VLC\plugins\codec\libspudec_plugin.dll
0x0000000054c00000 - 0x0000000055d43000 	C:\Program Files\VideoLAN\VLC\plugins\codec\libavcodec_plugin.dll
0x00000000549d0000 - 0x0000000054bf7000 	C:\Program Files\VideoLAN\VLC\plugins\meta_engine\libtaglib_plugin.dll
0x0000000054970000 - 0x00000000549c6000 	C:\Program Files\VideoLAN\VLC\plugins\lua\liblua_plugin.dll
0x0000000054890000 - 0x000000005496b000 	C:\Program Files\VideoLAN\VLC\plugins\text_renderer\libfreetype_plugin.dll
0x0000000054870000 - 0x0000000054884000 	C:\Program Files\VideoLAN\VLC\plugins\sse2\libi420_yuy2_sse2_plugin.dll

VM Arguments:
jvm_args: -Didea.launcher.port=7534 -Didea.launcher.bin.path=C:\Program Files (x86)\JetBrains\IntelliJ IDEA Community Edition 13.1.4\bin -Dfile.encoding=UTF-8 
java_command: com.intellij.rt.execution.application.AppMain com.badlogic.test.java.TestDesktop
java_class_path (initial): C:\Program Files\Java\jdk1.8.0_20\jre\lib\charsets.jar;C:\Program Files\Java\jdk1.8.0_20\jre\lib\deploy.jar;C:\Program Files\Java\jdk1.8.0_20\jre\lib\javaws.jar;C:\Program Files\Java\jdk1.8.0_20\jre\lib\jce.jar;C:\Program Files\Java\jdk1.8.0_20\jre\lib\jfr.jar;C:\Program Files\Java\jdk1.8.0_20\jre\lib\jfxswt.jar;C:\Program Files\Java\jdk1.8.0_20\jre\lib\jsse.jar;C:\Program Files\Java\jdk1.8.0_20\jre\lib\management-agent.jar;C:\Program Files\Java\jdk1.8.0_20\jre\lib\plugin.jar;C:\Program Files\Java\jdk1.8.0_20\jre\lib\resources.jar;C:\Program Files\Java\jdk1.8.0_20\jre\lib\rt.jar;C:\Program Files\Java\jdk1.8.0_20\jre\lib\ext\access-bridge-64.jar;C:\Program Files\Java\jdk1.8.0_20\jre\lib\ext\cldrdata.jar;C:\Program Files\Java\jdk1.8.0_20\jre\lib\ext\dnsns.jar;C:\Program Files\Java\jdk1.8.0_20\jre\lib\ext\jaccess.jar;C:\Program Files\Java\jdk1.8.0_20\jre\lib\ext\jfxrt.jar;C:\Program Files\Java\jdk1.8.0_20\jre\lib\ext\localedata.jar;C:\Program Files\Java\jdk1.8.0_20\jre\lib\ext\nashorn.jar;C:\Program Files\Java\jdk1.8.0_20\jre\lib\ext\sunec.jar;C:\Program Files\Java\jdk1.8.0_20\jre\lib\ext\sunjce_provider.jar;C:\Program Files\Java\jdk1.8.0_20\jre\lib\ext\sunmscapi.jar;C:\Program Files\Java\jdk1.8.0_20\jre\lib\ext\sunpkcs11.jar;C:\Program Files\Java\jdk1.8.0_20\jre\lib\ext\zipfs.jar;D:\projects\java\test\desktop\target\classes;D:\projects\java\test\core\target\classes;C:\Users\Brian\.m2\repository\com\badlogicgames\gdx\gdx\1.3.1\gdx-1.3.1.jar;C:\Users\Brian\.m2\repository\uk\co\caprica\vlcj\3.0.1\vlcj-3.0.1.jar;C:\Users\Brian\.m2\repository\net\java\dev\jna\jna\3.5.2\jna-3.5.2.jar;C:\Users\Brian\.m2\repository\net\java\dev\jna\platform\3.5.2\platform-3.5.2.jar;C:\Users\Brian\.m2\repository\com\badlogicgames\gdx\gdx-backend-lwjgl\1.3.1\gdx-backend-lwjgl-1.3.1.jar;C:\Users\Brian\.m2\repository\org\lwjgl\lwjgl\lwjgl\2.9.1\lwjgl-2.9.1.jar;C:\Users\Brian\.m2\repository\org\lwjgl\lwjgl\lwjgl-platform\2.9.1\lwjgl-platform-2.9.1-natives-windows.jar;C
Launcher Type: SUN_STANDARD

Environment Variables:
JAVA_HOME=C:\Program Files\Java\jdk1.8.0_20
PATH=C:\Program Files\Java\jdk1.8.0_20\bin;D:\opt\gradle-2.1\bin;C:\ProgramData\Oracle\Java\javapath;C:\Program Files (x86)\NVIDIA Corporation\PhysX\Common;C:\Windows\system32;C:\Windows;C:\Windows\System32\Wbem;C:\Windows\System32\WindowsPowerShell\v1.0\;C:\Program Files (x86)\Git\cmd;D:\opt\apache-maven-3.2.3\bin;C:\Program Files\VideoLAN\VLC
USERNAME=Brian
OS=Windows_NT
PROCESSOR_IDENTIFIER=Intel64 Family 6 Model 15 Stepping 11, GenuineIntel



---------------  S Y S T E M  ---------------

OS: Windows 8.1 , 64 bit Build 9600 

CPU:total 4 (4 cores per cpu, 1 threads per core) family 6 model 15 stepping 11, cmov, cx8, fxsr, mmx, sse, sse2, sse3, ssse3, tsc

Memory: 4k page, physical 4193396k(1352496k free), swap 8387700k(3079832k free)

vm_info: Java HotSpot(TM) 64-Bit Server VM (25.20-b23) for windows-amd64 JRE (1.8.0_20-b26), built on Jul 30 2014 13:51:23 by "java_re" with MS VC++ 10.0 (VS2010)

time: Tue Sep 16 23:23:41 2014
elapsed time: 2 seconds (0d 0h 0m 2s)

