#
# A fatal error has been detected by the Java Runtime Environment:
#
#  EXCEPTION_ACCESS_VIOLATION (0xc0000005) at pc=0x0000000058e7c620, pid=5292, tid=7104
#
# JRE version: Java(TM) SE Runtime Environment (8.0_20-b26) (build 1.8.0_20-b26)
# Java VM: Java HotSpot(TM) 64-Bit Server VM (25.20-b23 mixed mode windows-amd64 compressed oops)
# Problematic frame:
# V  [jvm.dll+0x5c620]
#
# Failed to write core dump. Minidumps are not enabled by default on client versions of Windows
#
# If you would like to submit a bug report, please visit:
#   http://bugreport.sun.com/bugreport/crash.jsp
#

---------------  T H R E A D  ---------------

Current thread (0x00000000173d9800):  JavaThread "pool-2-thread-1" [_thread_in_vm, id=-16777216, stack(0x000000001a290000,0x000000001a390000)]

siginfo: ExceptionCode=0xc0000005, reading address 0xffffffffffffffff

Registers:
RAX=0x00000000028140f0, RBX=0xff000000ff000000, RCX=0x000000000278eef0, RDX=0x000000000000020b
RSP=0x000000001a38e540, RBP=0x000000001a38e5f9, RSI=0x00000000027b7040, RDI=0x00000000027b7040
R8 =0x000000002854172f, R9 =0x00000000027b7040, R10=0x000000000000020b, R11=0x000000001b9f73e8
R12=0x00000000173d9800, R13=0x0000000000000000, R14=0x000000000278eef0, R15=0x00000000027b7040
RIP=0x0000000058e7c620, EFLAGS=0x0000000000010286

Top of Stack: (sp=0x000000001a38e540)
0x000000001a38e540:   00000035c9d63ded 0000000017299bd8
0x000000001a38e550:   0000000017299bd0 0000000058f07881
0x000000001a38e560:   0000000000000000 0000000058e9139a
0x000000001a38e570:   00000000007584cd 00000000590233f2
0x000000001a38e580:   00000000000000b3 0000000000000004
0x000000001a38e590:   000000000278eef0 0000000000000000
0x000000001a38e5a0:   00000000173d9800 000000005901d265
0x000000001a38e5b0:   00000000173d9800 2854172f0000020b
0x000000001a38e5c0:   00000000000000f4 0000000000000000
0x000000001a38e5d0:   00000000173d9800 0000000058f07881
0x000000001a38e5e0:   000000010010c048 000000001a38ed10
0x000000001a38e5f0:   000000001a38ed10 00000000006d97e7
0x000000001a38e600:   0000000000000000 000000001a38e628
0x000000001a38e610:   000000001a380001 000000010010cf48
0x000000001a38e620:   0000000000000054 0000000000000000
0x000000001a38e630:   000000001728aab0 00000000173d9800 

Instructions: (pc=0x0000000058e7c620)
0x0000000058e7c600:   40 53 48 83 ec 20 48 8b 41 08 4c 63 d2 4a 8b 1c
0x0000000058e7c610:   d0 48 85 db 74 29 48 8b 4c 24 50 0f 1f 44 00 00
0x0000000058e7c620:   44 39 03 75 10 48 8b 43 10 4c 39 48 10 75 06 48
0x0000000058e7c630:   39 4b 20 74 12 48 8b 5b 08 48 83 e3 fe 75 e1 33 


Register to memory mapping:

RAX=
[error occurred during error reporting (printing register info), id 0xc0000005]

Stack: [0x000000001a290000,0x000000001a390000],  sp=0x000000001a38e540,  free space=1017k
Native frames: (J=compiled Java code, j=interpreted, Vv=VM code, C=native code)
V  [jvm.dll+0x5c620]
V  [jvm.dll+0x7139a]
V  [jvm.dll+0x72e86]
V  [jvm.dll+0x72edd]
V  [jvm.dll+0xe7373]
V  [jvm.dll+0xac523]
V  [jvm.dll+0xac6df]
C  0x0000000002890b67

Java frames: (J=compiled Java code, j=interpreted, Vv=VM code)
j  java.util.concurrent.locks.AbstractQueuedSynchronizer$ConditionObject.reportInterruptAfterWait(I)V+5
j  java.util.concurrent.locks.AbstractQueuedSynchronizer$ConditionObject.await()V+94
j  java.util.concurrent.LinkedBlockingQueue.take()Ljava/lang/Object;+29
j  java.util.concurrent.ThreadPoolExecutor.getTask()Ljava/lang/Runnable;+149
j  java.util.concurrent.ThreadPoolExecutor.runWorker(Ljava/util/concurrent/ThreadPoolExecutor$Worker;)V+26
j  java.util.concurrent.ThreadPoolExecutor$Worker.run()V+5
j  java.lang.Thread.run()V+11
v  ~StubRoutines::call_stub

---------------  P R O C E S S  ---------------

Java Threads: ( => current thread )
  0x0000000017595000 
[error occurred during error reporting (printing all threads), id 0xc0000005]

VM state:not at safepoint (normal execution)

VM Mutex/Monitor currently owned by a thread: None

Heap:
 PSYoungGen      total 18944K, used 2803K [0x00000000eab00000, 0x00000000ec000000, 0x0000000100000000)
  eden space 16384K, 1% used [0x00000000eab00000,0x00000000eab445f8,0x00000000ebb00000)
  from space 2560K, 98% used [0x00000000ebd80000,0x00000000ebff8980,0x00000000ec000000)
  to   space 2560K, 0% used [0x00000000ebb00000,0x00000000ebb00000,0x00000000ebd80000)
 ParOldGen       total 44032K, used 5640K [0x00000000c0000000, 0x00000000c2b00000, 0x00000000eab00000)
  object space 44032K, 12% used [0x00000000c0000000,0x00000000c0582358,0x00000000c2b00000)
 Metaspace       used 10503K, capacity 10687K, committed 10880K, reserved 1058816K
  class space    used 1085K, capacity 1146K, committed 1152K, reserved 1048576K

Card table byte_map: [0x0000000011c30000,0x0000000011e40000] byte_map_base: 0x0000000011630000

Marking Bits: (ParMarkBitMap*) 0x00000000595fb460
 Begin Bits: [0x00000000123a0000, 0x00000000133a0000)
 End Bits:   [0x00000000133a0000, 0x00000000143a0000)

Polling page: 0x0000000002560000

CodeCache: size=245760Kb used=3691Kb max_used=3691Kb free=242068Kb
 bounds [0x0000000002870000, 0x0000000002c10000, 0x0000000011870000]
 total_blobs=1509 nmethods=973 adapters=451
 compilation: enabled

Compilation events (10 events):
Event: 3.045 Thread 0x0000000014f49800  968       3       com.sun.jna.Memory::finalize (5 bytes)
Event: 3.045 Thread 0x0000000014f49800 nmethod 968 0x0000000002c0a250 code [0x0000000002c0a3c0, 0x0000000002c0a5c8]
Event: 3.045 Thread 0x0000000014f49800  969       3       com.sun.jna.Memory::dispose (13 bytes)
Event: 3.045 Thread 0x0000000014f49800 nmethod 969 0x0000000002c09e10 code [0x0000000002c09f80, 0x0000000002c0a188]
Event: 3.045 Thread 0x0000000014f49800  970       3       com.sun.jna.Memory::free (5 bytes)
Event: 3.045 Thread 0x0000000014f49800 nmethod 970 0x0000000002c09a90 code [0x0000000002c09c00, 0x0000000002c09d68]
Event: 3.055 Thread 0x0000000014f49800  972       3       java.util.zip.ZipFile$ZipFileInputStream::finalize (5 bytes)
Event: 3.056 Thread 0x0000000014f49800 nmethod 972 0x0000000002c09350 code [0x0000000002c094c0, 0x0000000002c09668]
Event: 3.056 Thread 0x0000000014f49800  973       3       java.util.zip.ZipFile$ZipFileInflaterInputStream::finalize (5 bytes)
Event: 3.056 Thread 0x0000000014f49800 nmethod 973 0x0000000002c0c150 code [0x0000000002c0c2c0, 0x0000000002c0c468]

GC Heap History (4 events):
Event: 1.391 GC heap before
{Heap before GC invocations=1 (full 0):
 PSYoungGen      total 18944K, used 16384K [0x00000000eab00000, 0x00000000ec000000, 0x0000000100000000)
  eden space 16384K, 100% used [0x00000000eab00000,0x00000000ebb00000,0x00000000ebb00000)
  from space 2560K, 0% used [0x00000000ebd80000,0x00000000ebd80000,0x00000000ec000000)
  to   space 2560K, 0% used [0x00000000ebb00000,0x00000000ebb00000,0x00000000ebd80000)
 ParOldGen       total 44032K, used 0K [0x00000000c0000000, 0x00000000c2b00000, 0x00000000eab00000)
  object space 44032K, 0% used [0x00000000c0000000,0x00000000c0000000,0x00000000c2b00000)
 Metaspace       used 7479K, capacity 7627K, committed 7808K, reserved 1056768K
  class space    used 723K, capacity 784K, committed 896K, reserved 1048576K
Event: 1.398 GC heap after
Heap after GC invocations=1 (full 0):
 PSYoungGen      total 18944K, used 2538K [0x00000000eab00000, 0x00000000ec000000, 0x0000000100000000)
  eden space 16384K, 0% used [0x00000000eab00000,0x00000000eab00000,0x00000000ebb00000)
  from space 2560K, 99% used [0x00000000ebb00000,0x00000000ebd7a8e8,0x00000000ebd80000)
  to   space 2560K, 0% used [0x00000000ebd80000,0x00000000ebd80000,0x00000000ec000000)
 ParOldGen       total 44032K, used 821K [0x00000000c0000000, 0x00000000c2b00000, 0x00000000eab00000)
  object space 44032K, 1% used [0x00000000c0000000,0x00000000c00cd428,0x00000000c2b00000)
 Metaspace       used 7479K, capacity 7627K, committed 7808K, reserved 1056768K
  class space    used 723K, capacity 784K, committed 896K, reserved 1048576K
}
Event: 3.027 GC heap before
{Heap before GC invocations=2 (full 0):
 PSYoungGen      total 18944K, used 18922K [0x00000000eab00000, 0x00000000ec000000, 0x0000000100000000)
  eden space 16384K, 99% used [0x00000000eab00000,0x00000000ebafffd8,0x00000000ebb00000)
  from space 2560K, 99% used [0x00000000ebb00000,0x00000000ebd7a8e8,0x00000000ebd80000)
  to   space 2560K, 0% used [0x00000000ebd80000,0x00000000ebd80000,0x00000000ec000000)
 ParOldGen       total 44032K, used 821K [0x00000000c0000000, 0x00000000c2b00000, 0x00000000eab00000)
  object space 44032K, 1% used [0x00000000c0000000,0x00000000c00cd428,0x00000000c2b00000)
 Metaspace       used 10501K, capacity 10687K, committed 10880K, reserved 1058816K
  class space    used 1085K, capacity 1146K, committed 1152K, reserved 1048576K
Event: 3.038 GC heap after
Heap after GC invocations=2 (full 0):
 PSYoungGen      total 18944K, used 2530K [0x00000000eab00000, 0x00000000ec000000, 0x0000000100000000)
  eden space 16384K, 0% used [0x00000000eab00000,0x00000000eab00000,0x00000000ebb00000)
  from space 2560K, 98% used [0x00000000ebd80000,0x00000000ebff8980,0x00000000ec000000)
  to   space 2560K, 0% used [0x00000000ebb00000,0x00000000ebb00000,0x00000000ebd80000)
 ParOldGen       total 44032K, used 5640K [0x00000000c0000000, 0x00000000c2b00000, 0x00000000eab00000)
  object space 44032K, 12% used [0x00000000c0000000,0x00000000c0582358,0x00000000c2b00000)
 Metaspace       used 10501K, capacity 10687K, committed 10880K, reserved 1058816K
  class space    used 1085K, capacity 1146K, committed 1152K, reserved 1048576K
}

Deoptimization events (4 events):
Event: 1.346 Thread 0x0000000016af3800 Uncommon trap: reason=class_check action=maybe_recompile pc=0x0000000002ae2960 method=java.io.DataOutputStream.writeByte(I)V @ 5
Event: 1.346 Thread 0x0000000016af3800 Uncommon trap: reason=class_check action=maybe_recompile pc=0x0000000002ae2960 method=java.io.DataOutputStream.writeByte(I)V @ 5
Event: 1.346 Thread 0x0000000016af3800 Uncommon trap: reason=class_check action=maybe_recompile pc=0x0000000002ae2960 method=java.io.DataOutputStream.writeByte(I)V @ 5
Event: 1.346 Thread 0x0000000016af3800 Uncommon trap: reason=class_check action=maybe_recompile pc=0x0000000002ae2960 method=java.io.DataOutputStream.writeByte(I)V @ 5

Internal exceptions (10 events):
Event: 2.024 Thread 0x00000000175a0800 Exception <a 'java/security/PrivilegedActionException'> (0x00000000eb1ddaa0) thrown at [D:\re\workspace\8-2-build-windows-amd64-cygwin\jdk8u20\1074\hotspot\src\share\vm\prims\jvm.cpp, line 1275]
Event: 2.044 Thread 0x00000000175a0800 Exception <a 'java/security/PrivilegedActionException'> (0x00000000eb22a9b0) thrown at [D:\re\workspace\8-2-build-windows-amd64-cygwin\jdk8u20\1074\hotspot\src\share\vm\prims\jvm.cpp, line 1275]
Event: 2.078 Thread 0x000000001740c000 Exception <a 'java/security/PrivilegedActionException'> (0x00000000eb24db68) thrown at [D:\re\workspace\8-2-build-windows-amd64-cygwin\jdk8u20\1074\hotspot\src\share\vm\prims\jvm.cpp, line 1275]
Event: 2.084 Thread 0x000000001740c000 Exception <a 'java/security/PrivilegedActionException'> (0x00000000eb29dae8) thrown at [D:\re\workspace\8-2-build-windows-amd64-cygwin\jdk8u20\1074\hotspot\src\share\vm\prims\jvm.cpp, line 1275]
Event: 2.115 Thread 0x00000000174cb000 Exception <a 'java/security/PrivilegedActionException'> (0x00000000eb34c378) thrown at [D:\re\workspace\8-2-build-windows-amd64-cygwin\jdk8u20\1074\hotspot\src\share\vm\prims\jvm.cpp, line 1275]
Event: 2.121 Thread 0x00000000174cb000 Exception <a 'java/security/PrivilegedActionException'> (0x00000000eb378de0) thrown at [D:\re\workspace\8-2-build-windows-amd64-cygwin\jdk8u20\1074\hotspot\src\share\vm\prims\jvm.cpp, line 1275]
Event: 2.136 Thread 0x00000000174cb000 Exception <a 'java/security/PrivilegedActionException'> (0x00000000eb39e248) thrown at [D:\re\workspace\8-2-build-windows-amd64-cygwin\jdk8u20\1074\hotspot\src\share\vm\prims\jvm.cpp, line 1275]
Event: 2.158 Thread 0x0000000016af3800 Exception <a 'java/security/PrivilegedActionException'> (0x00000000eb0e3f10) thrown at [D:\re\workspace\8-2-build-windows-amd64-cygwin\jdk8u20\1074\hotspot\src\share\vm\prims\jvm.cpp, line 1275]
Event: 2.365 Thread 0x0000000016af3800 Exception <a 'java/security/PrivilegedActionException'> (0x00000000eb54aaa8) thrown at [D:\re\workspace\8-2-build-windows-amd64-cygwin\jdk8u20\1074\hotspot\src\share\vm\prims\jvm.cpp, line 1275]
Event: 2.368 Thread 0x0000000016af3800 Exception <a 'java/security/PrivilegedActionException'> (0x00000000eb5660d8) thrown at [D:\re\workspace\8-2-build-windows-amd64-cygwin\jdk8u20\1074\hotspot\src\share\vm\prims\jvm.cpp, line 1275]

Events (10 events):
Event: 2.977 Thread 0x000000001750f800 Thread added: 0x000000001750f800
Event: 2.978 Thread 0x000000001750f800 Thread exited: 0x000000001750f800
Event: 2.998 Thread 0x000000001750f800 Thread added: 0x000000001750f800
Event: 3.002 Thread 0x000000001750f800 Thread exited: 0x000000001750f800
Event: 3.002 Thread 0x000000001750f800 Thread added: 0x000000001750f800
Event: 3.002 Thread 0x000000001750f800 Thread exited: 0x000000001750f800
Event: 3.027 Thread 0x000000001750f800 Thread added: 0x000000001750f800
Event: 3.027 Executing VM operation: ParallelGCFailedAllocation
Event: 3.038 Executing VM operation: ParallelGCFailedAllocation done
Event: 3.038 Thread 0x000000001750f800 Thread exited: 0x000000001750f800


Dynamic libraries:
0x00007ff662d60000 - 0x00007ff662d94000 	C:\Program Files\Java\jdk1.8.0_20\bin\java.exe
0x00007ff9623c0000 - 0x00007ff96256a000 	C:\Windows\SYSTEM32\ntdll.dll
0x00007ff961310000 - 0x00007ff96144a000 	C:\Windows\system32\KERNEL32.DLL
0x00007ff95fb30000 - 0x00007ff95fc3f000 	C:\Windows\system32\KERNELBASE.dll
0x00007ff95e360000 - 0x00007ff95e3e8000 	C:\Windows\system32\apphelp.dll
0x00007ff952630000 - 0x00007ff95267f000 	C:\Windows\AppPatch\AppPatch64\AcGenral.DLL
0x00007ff961a20000 - 0x00007ff961ac7000 	C:\Windows\system32\msvcrt.dll
0x00007ff95f510000 - 0x00007ff95f53b000 	C:\Windows\SYSTEM32\SspiCli.dll
0x00007ff9619b0000 - 0x00007ff961a01000 	C:\Windows\system32\SHLWAPI.dll
0x00007ff9610d0000 - 0x00007ff961241000 	C:\Windows\system32\USER32.dll
0x00007ff961830000 - 0x00007ff9619a8000 	C:\Windows\system32\ole32.dll
0x00007ff95fc40000 - 0x00007ff96105f000 	C:\Windows\system32\SHELL32.dll
0x00007ff95ed40000 - 0x00007ff95ed5e000 	C:\Windows\SYSTEM32\USERENV.dll
0x00007ff961e80000 - 0x00007ff961f25000 	C:\Windows\system32\ADVAPI32.dll
0x00007ff9519a0000 - 0x00007ff9519bb000 	C:\Windows\SYSTEM32\MPR.dll
0x00007ff9615a0000 - 0x00007ff9616d7000 	C:\Windows\system32\RPCRT4.dll
0x00007ff962120000 - 0x00007ff962177000 	C:\Windows\SYSTEM32\sechost.dll
0x00007ff962180000 - 0x00007ff962356000 	C:\Windows\SYSTEM32\combase.dll
0x00007ff961450000 - 0x00007ff961594000 	C:\Windows\system32\GDI32.dll
0x00007ff95f730000 - 0x00007ff95f744000 	C:\Windows\SYSTEM32\profapi.dll
0x00007ff95e2a0000 - 0x00007ff95e33f000 	C:\Windows\SYSTEM32\SHCORE.dll
0x00007ff962080000 - 0x00007ff9620b4000 	C:\Windows\system32\IMM32.DLL
0x00007ff961f30000 - 0x00007ff962069000 	C:\Windows\system32\MSCTF.dll
0x00007ff95dc10000 - 0x00007ff95de6a000 	C:\Windows\WinSxS\amd64_microsoft.windows.common-controls_6595b64144ccf1df_6.0.9600.17031_none_6242a4b3ecbb55a1\COMCTL32.dll
0x0000000059680000 - 0x0000000059752000 	C:\Program Files\Java\jdk1.8.0_20\jre\bin\msvcr100.dll
0x0000000058e20000 - 0x0000000059678000 	C:\Program Files\Java\jdk1.8.0_20\jre\bin\server\jvm.dll
0x00007ff956d70000 - 0x00007ff956d79000 	C:\Windows\SYSTEM32\WSOCK32.dll
0x00007ff95de70000 - 0x00007ff95de8f000 	C:\Windows\SYSTEM32\WINMM.dll
0x00007ff962070000 - 0x00007ff962077000 	C:\Windows\system32\PSAPI.DLL
0x00007ff961070000 - 0x00007ff9610c8000 	C:\Windows\system32\WS2_32.dll
0x00007ff95dbb0000 - 0x00007ff95dbda000 	C:\Windows\SYSTEM32\WINMMBASE.dll
0x00007ff961060000 - 0x00007ff961069000 	C:\Windows\system32\NSI.dll
0x00007ff95fa30000 - 0x00007ff95fa7a000 	C:\Windows\SYSTEM32\cfgmgr32.dll
0x00007ff95e5d0000 - 0x00007ff95e5f6000 	C:\Windows\SYSTEM32\DEVOBJ.dll
0x0000000058e10000 - 0x0000000058e1f000 	C:\Program Files\Java\jdk1.8.0_20\jre\bin\verify.dll
0x0000000058de0000 - 0x0000000058e08000 	C:\Program Files\Java\jdk1.8.0_20\jre\bin\java.dll
0x0000000058dc0000 - 0x0000000058dd6000 	C:\Program Files\Java\jdk1.8.0_20\jre\bin\zip.dll
0x00007ff956f50000 - 0x00007ff956f60000 	C:\Program Files (x86)\JetBrains\IntelliJ IDEA Community Edition 13.1.4\bin\breakgen64.dll
0x0000000058da0000 - 0x0000000058dba000 	C:\Program Files\Java\jdk1.8.0_20\jre\bin\net.dll
0x00007ff95ef90000 - 0x00007ff95efe8000 	C:\Windows\system32\mswsock.dll
0x0000000065580000 - 0x000000006561b000 	C:\Users\Brian\AppData\Local\Temp\libgdxBrian\3fcab39a\gdx64.dll
0x00007ff95eff0000 - 0x00007ff95f00e000 	C:\Windows\SYSTEM32\CRYPTSP.dll
0x00007ff95ec30000 - 0x00007ff95ec65000 	C:\Windows\system32\rsaenh.dll
0x00007ff95f220000 - 0x00007ff95f246000 	C:\Windows\SYSTEM32\bcrypt.dll
0x00007ff95f540000 - 0x00007ff95f5a0000 	C:\Windows\system32\bcryptprimitives.dll
0x00007ff95f5a0000 - 0x00007ff95f5aa000 	C:\Windows\SYSTEM32\CRYPTBASE.dll
0x00007ff95c6d0000 - 0x00007ff95c6f9000 	C:\Windows\SYSTEM32\IPHLPAPI.DLL
0x00007ff95c6b0000 - 0x00007ff95c6ba000 	C:\Windows\SYSTEM32\WINNSI.DLL
0x00007ff95c570000 - 0x00007ff95c584000 	C:\Windows\SYSTEM32\dhcpcsvc6.DLL
0x00007ff95c550000 - 0x00007ff95c569000 	C:\Windows\SYSTEM32\dhcpcsvc.DLL
0x0000000058d80000 - 0x0000000058d91000 	C:\Program Files\Java\jdk1.8.0_20\jre\bin\nio.dll
0x0000000180000000 - 0x0000000180051000 	C:\Users\Brian\AppData\Local\Temp\libgdxBrian\ccd07a7a\lwjgl64.dll
0x00007ff9443a0000 - 0x00007ff9444c1000 	C:\Windows\SYSTEM32\OPENGL32.dll
0x00007ff95de90000 - 0x00007ff95de9a000 	C:\Windows\SYSTEM32\VERSION.dll
0x00007ff953ab0000 - 0x00007ff953adc000 	C:\Windows\SYSTEM32\GLU32.dll
0x00007ff9442a0000 - 0x00007ff944394000 	C:\Windows\SYSTEM32\DDRAW.dll
0x00007ff955b10000 - 0x00007ff955b19000 	C:\Windows\SYSTEM32\DCIMAN32.dll
0x0000000016da0000 - 0x0000000016e04000 	C:\Users\Brian\AppData\Local\Temp\libgdxBrian\ccd07a7a\OpenAL64.dll
0x00007ff95e600000 - 0x00007ff95e60a000 	C:\Windows\SYSTEM32\kernel.appcore.dll
0x00007ff95e400000 - 0x00007ff95e521000 	C:\Windows\system32\uxtheme.dll
0x0000000017a40000 - 0x0000000017a5a000 	C:\Program Files (x86)\SlySoft\AnyDVD\ADvdDiscHlp642.dll
0x00007ff9555d0000 - 0x00007ff955618000 	C:\Program Files (x86)\TeamViewer\Version9\tv_x64.dll
0x00007ff9616e0000 - 0x00007ff961784000 	C:\Windows\SYSTEM32\clbcatq.dll
0x00007ff94a0c0000 - 0x00007ff94a147000 	C:\Windows\SYSTEM32\dsound.dll
0x00007ff95f6d0000 - 0x00007ff95f715000 	C:\Windows\SYSTEM32\POWRPROF.dll
0x00007ff95ca00000 - 0x00007ff95ca62000 	C:\Windows\System32\MMDevApi.dll
0x00007ff956c80000 - 0x00007ff956cf6000 	C:\Windows\SYSTEM32\AUDIOSES.DLL
0x00007ff961250000 - 0x00007ff961307000 	C:\Windows\system32\OLEAUT32.dll
0x00007ff95dbe0000 - 0x00007ff95dc00000 	C:\Windows\system32\dwmapi.dll
0x0000000056f30000 - 0x0000000058d76000 	C:\Windows\SYSTEM32\nvoglv64.DLL
0x00007ff961c90000 - 0x00007ff961e64000 	C:\Windows\system32\SETUPAPI.dll
0x00007ff95e340000 - 0x00007ff95e351000 	C:\Windows\SYSTEM32\WTSAPI32.dll
0x00007ff95f9e0000 - 0x00007ff95fa2c000 	C:\Windows\system32\WINTRUST.dll
0x00007ff95f800000 - 0x00007ff95f9d7000 	C:\Windows\system32\CRYPT32.dll
0x00007ff95f7e0000 - 0x00007ff95f7f2000 	C:\Windows\system32\MSASN1.dll
0x00007ff95c290000 - 0x00007ff95c2c0000 	C:\Windows\SYSTEM32\ntmarta.dll
0x00007ff95f650000 - 0x00007ff95f6a7000 	C:\Windows\SYSTEM32\WINSTA.dll
0x00007ff95dea0000 - 0x00007ff95df2d000 	C:\Windows\SYSTEM32\mscms.dll
0x00007ff948b90000 - 0x00007ff948bd1000 	C:\Windows\SYSTEM32\icm32.dll
0x00007ff9533c0000 - 0x00007ff9533f7000 	C:\Users\Brian\AppData\Local\Temp\jna-Brian\jna2756483661093723572.dll
0x0000000056f00000 - 0x0000000056f29000 	C:\Program Files\VideoLAN\VLC\libvlc.dll
0x0000000056c80000 - 0x0000000056ef5000 	C:\Program Files\VideoLAN\VLC\libvlccore.dll
0x0000000056ae0000 - 0x0000000056c78000 	C:\Program Files\Java\jdk1.8.0_20\jre\bin\awt.dll
0x00007ff957420000 - 0x00007ff957628000 	C:\Windows\system32\d3d9.dll
0x00007ff946790000 - 0x00007ff947846000 	C:\Windows\SYSTEM32\nvd3dumx.dll
0x000000001a140000 - 0x000000001a282000 	C:\Windows\system32\nvspcap64.dll
0x00007ff95d5e0000 - 0x00007ff95d913000 	C:\Windows\system32\nvapi64.dll
0x00007ff959e30000 - 0x00007ff959f9a000 	C:\Program Files (x86)\NVIDIA Corporation\3D Vision\nvSCPAPI64.dll
0x0000000056a20000 - 0x0000000056ad8000 	C:\Program Files\VideoLAN\VLC\plugins\access\libdshow_plugin.dll
0x0000000056a00000 - 0x0000000056a11000 	C:\Program Files\VideoLAN\VLC\plugins\audio_output\libdirectsound_plugin.dll
0x00000000569e0000 - 0x00000000569f2000 	C:\Program Files\VideoLAN\VLC\plugins\audio_output\libwaveout_plugin.dll
0x00000000569c0000 - 0x00000000569db000 	C:\Program Files\VideoLAN\VLC\plugins\video_output\libdirectdraw_plugin.dll
0x0000000056770000 - 0x00000000569bf000 	C:\Program Files\VideoLAN\VLC\plugins\access\liblibbluray_plugin.dll
0x0000000056740000 - 0x0000000056764000 	C:\Program Files\VideoLAN\VLC\plugins\access\libaccess_bd_plugin.dll
0x00000000566f0000 - 0x000000005673c000 	C:\Program Files\VideoLAN\VLC\plugins\access\libdvdnav_plugin.dll
0x00000000566d0000 - 0x00000000566ee000 	C:\Program Files\VideoLAN\VLC\plugins\access\libaccess_vdr_plugin.dll
0x00000000566b0000 - 0x00000000566c7000 	C:\Program Files\VideoLAN\VLC\plugins\access\libfilesystem_plugin.dll
0x0000000056690000 - 0x00000000566aa000 	C:\Program Files\VideoLAN\VLC\plugins\stream_filter\libsmooth_plugin.dll
0x00000000565f0000 - 0x000000005668f000 	C:\Program Files\VideoLAN\VLC\plugins\stream_filter\libhttplive_plugin.dll
0x00000000564e0000 - 0x00000000565e3000 	C:\Program Files\VideoLAN\VLC\plugins\stream_filter\libdash_plugin.dll
0x00000000564b0000 - 0x00000000564d8000 	C:\Program Files\VideoLAN\VLC\plugins\access\libzip_plugin.dll
0x0000000056490000 - 0x00000000564a5000 	C:\Program Files\VideoLAN\VLC\plugins\access\libstream_filter_rar_plugin.dll
0x0000000056480000 - 0x000000005648e000 	C:\Program Files\VideoLAN\VLC\plugins\stream_filter\librecord_plugin.dll
0x0000000056460000 - 0x0000000056471000 	C:\Program Files\VideoLAN\VLC\plugins\demux\libes_plugin.dll
0x0000000056420000 - 0x0000000056458000 	C:\Program Files\VideoLAN\VLC\plugins\demux\libmp4_plugin.dll
0x00000000563c0000 - 0x000000005641c000 	C:\Program Files\VideoLAN\VLC\plugins\codec\libpng_plugin.dll
0x00000000563b0000 - 0x00000000563bf000 	C:\Program Files\VideoLAN\VLC\plugins\codec\libcdg_plugin.dll
0x0000000056230000 - 0x00000000563a8000 	C:\Program Files\VideoLAN\VLC\plugins\codec\libschroedinger_plugin.dll
0x0000000056220000 - 0x0000000056230000 	C:\Program Files\VideoLAN\VLC\plugins\codec\libdts_plugin.dll
0x00000000561c0000 - 0x0000000056219000 	C:\Program Files\VideoLAN\VLC\plugins\codec\libtheora_plugin.dll
0x0000000056150000 - 0x00000000561be000 	C:\Program Files\VideoLAN\VLC\plugins\codec\libfaad_plugin.dll
0x0000000056100000 - 0x0000000056143000 	C:\Program Files\VideoLAN\VLC\plugins\codec\libflac_plugin.dll
0x00000000560e0000 - 0x00000000560f2000 	C:\Program Files\VideoLAN\VLC\plugins\codec\libg711_plugin.dll
0x00000000560d0000 - 0x00000000560df000 	C:\Program Files\VideoLAN\VLC\plugins\codec\libaes3_plugin.dll
0x0000000055f10000 - 0x00000000560c6000 	C:\Program Files\VideoLAN\VLC\plugins\codec\liblibass_plugin.dll
0x0000000055ed0000 - 0x0000000055f08000 	C:\Program Files\VideoLAN\VLC\plugins\codec\libspeex_plugin.dll
0x0000000055ec0000 - 0x0000000055ed0000 	C:\Program Files\VideoLAN\VLC\plugins\codec\liblpcm_plugin.dll
0x0000000055de0000 - 0x0000000055eb4000 	C:\Program Files\VideoLAN\VLC\plugins\codec\libvorbis_plugin.dll
0x0000000055dd0000 - 0x0000000055ddf000 	C:\Program Files\VideoLAN\VLC\plugins\codec\libmpeg_audio_plugin.dll
0x0000000055db0000 - 0x0000000055dc2000 	C:\Program Files\VideoLAN\VLC\plugins\codec\libaraw_plugin.dll
0x0000000055d70000 - 0x0000000055dae000 	C:\Program Files\VideoLAN\VLC\plugins\codec\libopus_plugin.dll
0x0000000055d60000 - 0x0000000055d70000 	C:\Program Files\VideoLAN\VLC\plugins\codec\liba52_plugin.dll
0x0000000055d50000 - 0x0000000055d60000 	C:\Program Files\VideoLAN\VLC\plugins\codec\libspudec_plugin.dll
0x0000000054c00000 - 0x0000000055d43000 	C:\Program Files\VideoLAN\VLC\plugins\codec\libavcodec_plugin.dll
0x00000000549d0000 - 0x0000000054bf7000 	C:\Program Files\VideoLAN\VLC\plugins\meta_engine\libtaglib_plugin.dll
0x0000000054970000 - 0x00000000549c6000 	C:\Program Files\VideoLAN\VLC\plugins\lua\liblua_plugin.dll
0x0000000054890000 - 0x000000005496b000 	C:\Program Files\VideoLAN\VLC\plugins\text_renderer\libfreetype_plugin.dll
0x0000000054870000 - 0x0000000054884000 	C:\Program Files\VideoLAN\VLC\plugins\sse2\libi420_yuy2_sse2_plugin.dll

VM Arguments:
jvm_args: -Didea.launcher.port=7540 -Didea.launcher.bin.path=C:\Program Files (x86)\JetBrains\IntelliJ IDEA Community Edition 13.1.4\bin -Dfile.encoding=UTF-8 
java_command: com.intellij.rt.execution.application.AppMain com.badlogic.test.java.TestDesktop
java_class_path (initial): C:\Program Files\Java\jdk1.8.0_20\jre\lib\charsets.jar;C:\Program Files\Java\jdk1.8.0_20\jre\lib\deploy.jar;C:\Program Files\Java\jdk1.8.0_20\jre\lib\javaws.jar;C:\Program Files\Java\jdk1.8.0_20\jre\lib\jce.jar;C:\Program Files\Java\jdk1.8.0_20\jre\lib\jfr.jar;C:\Program Files\Java\jdk1.8.0_20\jre\lib\jfxswt.jar;C:\Program Files\Java\jdk1.8.0_20\jre\lib\jsse.jar;C:\Program Files\Java\jdk1.8.0_20\jre\lib\management-agent.jar;C:\Program Files\Java\jdk1.8.0_20\jre\lib\plugin.jar;C:\Program Files\Java\jdk1.8.0_20\jre\lib\resources.jar;C:\Program Files\Java\jdk1.8.0_20\jre\lib\rt.jar;C:\Program Files\Java\jdk1.8.0_20\jre\lib\ext\access-bridge-64.jar;C:\Program Files\Java\jdk1.8.0_20\jre\lib\ext\cldrdata.jar;C:\Program Files\Java\jdk1.8.0_20\jre\lib\ext\dnsns.jar;C:\Program Files\Java\jdk1.8.0_20\jre\lib\ext\jaccess.jar;C:\Program Files\Java\jdk1.8.0_20\jre\lib\ext\jfxrt.jar;C:\Program Files\Java\jdk1.8.0_20\jre\lib\ext\localedata.jar;C:\Program Files\Java\jdk1.8.0_20\jre\lib\ext\nashorn.jar;C:\Program Files\Java\jdk1.8.0_20\jre\lib\ext\sunec.jar;C:\Program Files\Java\jdk1.8.0_20\jre\lib\ext\sunjce_provider.jar;C:\Program Files\Java\jdk1.8.0_20\jre\lib\ext\sunmscapi.jar;C:\Program Files\Java\jdk1.8.0_20\jre\lib\ext\sunpkcs11.jar;C:\Program Files\Java\jdk1.8.0_20\jre\lib\ext\zipfs.jar;D:\projects\java\test\desktop\target\classes;D:\projects\java\test\core\target\classes;C:\Users\Brian\.m2\repository\com\badlogicgames\gdx\gdx\1.3.1\gdx-1.3.1.jar;C:\Users\Brian\.m2\repository\uk\co\caprica\vlcj\3.0.1\vlcj-3.0.1.jar;C:\Users\Brian\.m2\repository\net\java\dev\jna\jna\3.5.2\jna-3.5.2.jar;C:\Users\Brian\.m2\repository\net\java\dev\jna\platform\3.5.2\platform-3.5.2.jar;C:\Users\Brian\.m2\repository\com\badlogicgames\gdx\gdx-backend-lwjgl\1.3.1\gdx-backend-lwjgl-1.3.1.jar;C:\Users\Brian\.m2\repository\org\lwjgl\lwjgl\lwjgl\2.9.1\lwjgl-2.9.1.jar;C:\Users\Brian\.m2\repository\org\lwjgl\lwjgl\lwjgl-platform\2.9.1\lwjgl-platform-2.9.1-natives-windows.jar;C
Launcher Type: SUN_STANDARD

Environment Variables:
JAVA_HOME=C:\Program Files\Java\jdk1.8.0_20
PATH=C:\Program Files\Java\jdk1.8.0_20\bin;D:\opt\gradle-2.1\bin;C:\ProgramData\Oracle\Java\javapath;C:\Program Files (x86)\NVIDIA Corporation\PhysX\Common;C:\Windows\system32;C:\Windows;C:\Windows\System32\Wbem;C:\Windows\System32\WindowsPowerShell\v1.0\;C:\Program Files (x86)\Git\cmd;D:\opt\apache-maven-3.2.3\bin;C:\Program Files\VideoLAN\VLC
USERNAME=Brian
OS=Windows_NT
PROCESSOR_IDENTIFIER=Intel64 Family 6 Model 15 Stepping 11, GenuineIntel



---------------  S Y S T E M  ---------------

OS: Windows 8.1 , 64 bit Build 9600 

CPU:total 4 (4 cores per cpu, 1 threads per core) family 6 model 15 stepping 11, cmov, cx8, fxsr, mmx, sse, sse2, sse3, ssse3, tsc

Memory: 4k page, physical 4193396k(1502032k free), swap 8387700k(3482432k free)

vm_info: Java HotSpot(TM) 64-Bit Server VM (25.20-b23) for windows-amd64 JRE (1.8.0_20-b26), built on Jul 30 2014 13:51:23 by "java_re" with MS VC++ 10.0 (VS2010)

time: Tue Sep 16 23:38:17 2014
elapsed time: 3 seconds (0d 0h 0m 3s)

